<?xml version="1.0" encoding="UTF-8"?>
<!-- Generated by org.testng.reporters.JUnitReportReporter -->
<testsuite hostname="SYAA-DT-070" failures="0" tests="1" name="com.dealer.testcases.LoginTest" time="21.502" errors="0" timestamp="2025-09-18T18:17:35 IST" skipped="0">
  <testcase classname="com.dealer.testcases.LoginTest" name="loginpage" time="21.502"/>
</testsuite> <!-- com.dealer.testcases.LoginTest -->
